Using pre-set license
Built from '2020.3/release' branch; Version is '2020.3.1f1 (77a89f25062f) revision 7841951'; Using compiler version '192528614'; Build Type 'Release'
OS: 'Windows 10 Pro Education; OS build 19042.1237; Version 2009; 64bit' Language: 'es' Physical Memory: 16296 MB
BatchMode: 1, IsHumanControllingUs: 0, StartBugReporterOnCrash: 0, Is64bit: 1, IsPro: 0

 COMMAND LINE ARGUMENTS:
C:\Program Files\Unity\Hub\Editor\2020.3.1f1\Editor\Unity.exe
-adb2
-batchMode
-noUpm
-name
AssetImportWorker0
-projectPath
C:/Users/ani/Desktop/GitHub/PR01-DEIM/PR01_MiniPracticas
-logFile
Logs/AssetImportWorker0.log
-srvPort
50987
Successfully changed project path to: C:/Users/ani/Desktop/GitHub/PR01-DEIM/PR01_MiniPracticas
C:/Users/ani/Desktop/GitHub/PR01-DEIM/PR01_MiniPracticas
Using Asset Import Pipeline V2.
Refreshing native plugins compatible for Editor in 20.19 ms, found 0 plugins.
Preloading 0 native plugins for Editor in 0.00 ms.
Initialize engine version: 2020.3.1f1 (77a89f25062f)
[Subsystems] Discovering subsystems at path C:/Program Files/Unity/Hub/Editor/2020.3.1f1/Editor/Data/Resources/UnitySubsystems
[Subsystems] Discovering subsystems at path C:/Users/ani/Desktop/GitHub/PR01-DEIM/PR01_MiniPracticas/Assets
GfxDevice: creating device client; threaded=0
Direct3D:
    Version:  Direct3D 11.0 [level 11.1]
    Renderer: NVIDIA GeForce GTX 1660 SUPER (ID=0x21c4)
    Vendor:   
    VRAM:     5991 MB
    Driver:   27.21.14.5730
Initialize mono
Mono path[0] = 'C:/Program Files/Unity/Hub/Editor/2020.3.1f1/Editor/Data/Managed'
Mono path[1] = 'C:/Program Files/Unity/Hub/Editor/2020.3.1f1/Editor/Data/MonoBleedingEdge/lib/mono/unityjit'
Mono config path = 'C:/Program Files/Unity/Hub/Editor/2020.3.1f1/Editor/Data/MonoBleedingEdge/etc'
Using monoOptions --debugger-agent=transport=dt_socket,embedding=1,server=y,suspend=n,address=127.0.0.1:56612
Begin MonoManager ReloadAssembly
Registering precompiled unity dll's ...
Register platform support module: C:/Program Files/Unity/Hub/Editor/2020.3.1f1/Editor/Data/PlaybackEngines/WindowsStandaloneSupport/UnityEditor.WindowsStandalone.Extensions.dll
Registered in 0.001439 seconds.
Native extension for WindowsStandalone target not found
Refreshing native plugins compatible for Editor in 20.34 ms, found 0 plugins.
Preloading 0 native plugins for Editor in 0.00 ms.
Invoked RoslynAnalysisRunner static constructor.
RoslynAnalysisRunner will not be running.
RoslynAnalysisRunner has terminated.
Mono: successfully reloaded assembly
- Completed reload, in  1.467 seconds
Platform modules already initialized, skipping
Registering precompiled user dll's ...
Registered in 0.000506 seconds.
Begin MonoManager ReloadAssembly
Native extension for WindowsStandalone target not found
Refreshing native plugins compatible for Editor in 0.19 ms, found 0 plugins.
Preloading 0 native plugins for Editor in 0.00 ms.
Invoked RoslynAnalysisRunner static constructor.
RoslynAnalysisRunner will not be running.
RoslynAnalysisRunner has terminated.
Mono: successfully reloaded assembly
- Completed reload, in  0.693 seconds
Platform modules already initialized, skipping
========================================================================
Worker process is ready to serve import requests
Launched and connected shader compiler UnityShaderCompiler.exe after 0.03 seconds
Refreshing native plugins compatible for Editor in 0.18 ms, found 0 plugins.
Preloading 0 native plugins for Editor in 0.00 ms.
Unloading 1114 Unused Serialized files (Serialized files now loaded: 0)
System memory in use before: 56.9 MB.
System memory in use after: 56.9 MB.

Unloading 10 unused Assets to reduce memory usage. Loaded Objects now: 1556.
Total: 1.441600 ms (FindLiveObjects: 0.142700 ms CreateObjectMapping: 0.035100 ms MarkObjects: 1.198700 ms  DeleteObjects: 0.064300 ms)

========================================================================
Received Import Request.
  path: Assets/PR01_Script.cs
  artifactKey: Guid(705c49ccf1b4f594aab4909352a69951) Importer(815301076,1909f56bfc062723c751e8b465ee728b)
Start importing Assets/PR01_Script.cs using Guid(705c49ccf1b4f594aab4909352a69951) Importer(815301076,1909f56bfc062723c751e8b465ee728b)  -> (artifact id: '93b7607d0e993eee677f17dcb0097b33') in 0.019661 seconds
  Import took 0.021286 seconds .

========================================================================
Received Import Request.
  Time since last request: 1533.714445 seconds.
  path: Assets/PR01_Script.cs
  artifactKey: Guid(705c49ccf1b4f594aab4909352a69951) Importer(815301076,1909f56bfc062723c751e8b465ee728b)
Start importing Assets/PR01_Script.cs using Guid(705c49ccf1b4f594aab4909352a69951) Importer(815301076,1909f56bfc062723c751e8b465ee728b)  -> (artifact id: '810dc96f661469d917a9f422b7c10e01') in 0.002148 seconds
  Import took 0.004039 seconds .

========================================================================
Received Prepare
Registering precompiled user dll's ...
Registered in 0.000454 seconds.
Begin MonoManager ReloadAssembly
Native extension for WindowsStandalone target not found
Refreshing native plugins compatible for Editor in 0.19 ms, found 0 plugins.
Preloading 0 native plugins for Editor in 0.00 ms.
Invoked RoslynAnalysisRunner static constructor.
RoslynAnalysisRunner will not be running.
RoslynAnalysisRunner has terminated.
Mono: successfully reloaded assembly
- Completed reload, in  0.665 seconds
Platform modules already initialized, skipping
Refreshing native plugins compatible for Editor in 0.17 ms, found 0 plugins.
Preloading 0 native plugins for Editor in 0.00 ms.
Unloading 1109 Unused Serialized files (Serialized files now loaded: 0)
System memory in use before: 56.8 MB.
System memory in use after: 56.9 MB.

Unloading 5 unused Assets to reduce memory usage. Loaded Objects now: 1559.
Total: 1.337300 ms (FindLiveObjects: 0.131500 ms CreateObjectMapping: 0.033200 ms MarkObjects: 1.131300 ms  DeleteObjects: 0.040500 ms)

========================================================================
Received Prepare
Registering precompiled user dll's ...
Registered in 0.000464 seconds.
Begin MonoManager ReloadAssembly
Native extension for WindowsStandalone target not found
Refreshing native plugins compatible for Editor in 0.18 ms, found 0 plugins.
Preloading 0 native plugins for Editor in 0.00 ms.
Invoked RoslynAnalysisRunner static constructor.
RoslynAnalysisRunner will not be running.
RoslynAnalysisRunner has terminated.
Mono: successfully reloaded assembly
- Completed reload, in  0.640 seconds
Platform modules already initialized, skipping
Refreshing native plugins compatible for Editor in 0.17 ms, found 0 plugins.
Preloading 0 native plugins for Editor in 0.00 ms.
Unloading 1109 Unused Serialized files (Serialized files now loaded: 0)
System memory in use before: 56.8 MB.
System memory in use after: 56.9 MB.

Unloading 5 unused Assets to reduce memory usage. Loaded Objects now: 1562.
Total: 1.371100 ms (FindLiveObjects: 0.119600 ms CreateObjectMapping: 0.039300 ms MarkObjects: 1.176300 ms  DeleteObjects: 0.035200 ms)

========================================================================
Received Prepare
Registering precompiled user dll's ...
Registered in 0.000485 seconds.
Begin MonoManager ReloadAssembly
Native extension for WindowsStandalone target not found
Refreshing native plugins compatible for Editor in 0.18 ms, found 0 plugins.
Preloading 0 native plugins for Editor in 0.00 ms.
Invoked RoslynAnalysisRunner static constructor.
RoslynAnalysisRunner will not be running.
RoslynAnalysisRunner has terminated.
Mono: successfully reloaded assembly
- Completed reload, in  0.664 seconds
Platform modules already initialized, skipping
Refreshing native plugins compatible for Editor in 0.18 ms, found 0 plugins.
Preloading 0 native plugins for Editor in 0.00 ms.
Unloading 1109 Unused Serialized files (Serialized files now loaded: 0)
System memory in use before: 56.9 MB.
System memory in use after: 56.9 MB.

Unloading 5 unused Assets to reduce memory usage. Loaded Objects now: 1565.
Total: 1.765800 ms (FindLiveObjects: 0.149500 ms CreateObjectMapping: 0.036200 ms MarkObjects: 1.499500 ms  DeleteObjects: 0.079600 ms)

========================================================================
Received Import Request.
  Time since last request: 257.683769 seconds.
  path: Assets/PR01_Script.cs
  artifactKey: Guid(705c49ccf1b4f594aab4909352a69951) Importer(815301076,1909f56bfc062723c751e8b465ee728b)
Start importing Assets/PR01_Script.cs using Guid(705c49ccf1b4f594aab4909352a69951) Importer(815301076,1909f56bfc062723c751e8b465ee728b)  -> (artifact id: 'a71c15309194bf345bc4be2c0889e682') in 0.003508 seconds
  Import took 0.005109 seconds .

========================================================================
Received Import Request.
  Time since last request: 0.929902 seconds.
  path: Assets/PR01_Script.cs
  artifactKey: Guid(705c49ccf1b4f594aab4909352a69951) Importer(815301076,1909f56bfc062723c751e8b465ee728b)
Start importing Assets/PR01_Script.cs using Guid(705c49ccf1b4f594aab4909352a69951) Importer(815301076,1909f56bfc062723c751e8b465ee728b)  -> (artifact id: 'a71c15309194bf345bc4be2c0889e682') in 0.003091 seconds
  Import took 0.004746 seconds .

========================================================================
Received Prepare
Registering precompiled user dll's ...
Registered in 0.000479 seconds.
Begin MonoManager ReloadAssembly
Native extension for WindowsStandalone target not found
Refreshing native plugins compatible for Editor in 0.19 ms, found 0 plugins.
Preloading 0 native plugins for Editor in 0.00 ms.
Invoked RoslynAnalysisRunner static constructor.
RoslynAnalysisRunner will not be running.
RoslynAnalysisRunner has terminated.
Mono: successfully reloaded assembly
- Completed reload, in  0.645 seconds
Platform modules already initialized, skipping
Refreshing native plugins compatible for Editor in 0.18 ms, found 0 plugins.
Preloading 0 native plugins for Editor in 0.00 ms.
Unloading 1109 Unused Serialized files (Serialized files now loaded: 0)
System memory in use before: 56.9 MB.
System memory in use after: 57.0 MB.

Unloading 5 unused Assets to reduce memory usage. Loaded Objects now: 1568.
Total: 1.438900 ms (FindLiveObjects: 0.128800 ms CreateObjectMapping: 0.033800 ms MarkObjects: 1.227400 ms  DeleteObjects: 0.048300 ms)

========================================================================
Received Prepare
Registering precompiled user dll's ...
Registered in 0.000573 seconds.
Begin MonoManager ReloadAssembly
Native extension for WindowsStandalone target not found
Refreshing native plugins compatible for Editor in 0.19 ms, found 0 plugins.
Preloading 0 native plugins for Editor in 0.00 ms.
Invoked RoslynAnalysisRunner static constructor.
RoslynAnalysisRunner will not be running.
RoslynAnalysisRunner has terminated.
Mono: successfully reloaded assembly
- Completed reload, in  0.642 seconds
Platform modules already initialized, skipping
Refreshing native plugins compatible for Editor in 0.17 ms, found 0 plugins.
Preloading 0 native plugins for Editor in 0.00 ms.
Unloading 1109 Unused Serialized files (Serialized files now loaded: 0)
System memory in use before: 56.9 MB.
System memory in use after: 57.0 MB.

Unloading 5 unused Assets to reduce memory usage. Loaded Objects now: 1571.
Total: 1.543800 ms (FindLiveObjects: 0.134300 ms CreateObjectMapping: 0.031500 ms MarkObjects: 1.336400 ms  DeleteObjects: 0.040600 ms)

========================================================================
Received Prepare
Registering precompiled user dll's ...
Registered in 0.000563 seconds.
Begin MonoManager ReloadAssembly
Native extension for WindowsStandalone target not found
Refreshing native plugins compatible for Editor in 0.19 ms, found 0 plugins.
Preloading 0 native plugins for Editor in 0.00 ms.
Invoked RoslynAnalysisRunner static constructor.
RoslynAnalysisRunner will not be running.
RoslynAnalysisRunner has terminated.
Mono: successfully reloaded assembly
- Completed reload, in  0.653 seconds
Platform modules already initialized, skipping
Refreshing native plugins compatible for Editor in 0.18 ms, found 0 plugins.
Preloading 0 native plugins for Editor in 0.00 ms.
Unloading 1109 Unused Serialized files (Serialized files now loaded: 0)
System memory in use before: 56.9 MB.
System memory in use after: 57.0 MB.

Unloading 5 unused Assets to reduce memory usage. Loaded Objects now: 1574.
Total: 1.762400 ms (FindLiveObjects: 0.222200 ms CreateObjectMapping: 0.093100 ms MarkObjects: 1.375400 ms  DeleteObjects: 0.071000 ms)

========================================================================
Received Prepare
Registering precompiled user dll's ...
Registered in 0.000506 seconds.
Begin MonoManager ReloadAssembly
Native extension for WindowsStandalone target not found
Refreshing native plugins compatible for Editor in 0.19 ms, found 0 plugins.
Preloading 0 native plugins for Editor in 0.00 ms.
Invoked RoslynAnalysisRunner static constructor.
RoslynAnalysisRunner will not be running.
RoslynAnalysisRunner has terminated.
Mono: successfully reloaded assembly
- Completed reload, in  0.658 seconds
Platform modules already initialized, skipping
Refreshing native plugins compatible for Editor in 0.19 ms, found 0 plugins.
Preloading 0 native plugins for Editor in 0.00 ms.
Unloading 1109 Unused Serialized files (Serialized files now loaded: 0)
System memory in use before: 56.9 MB.
System memory in use after: 57.0 MB.

Unloading 5 unused Assets to reduce memory usage. Loaded Objects now: 1577.
Total: 1.794600 ms (FindLiveObjects: 0.289700 ms CreateObjectMapping: 0.061900 ms MarkObjects: 1.378500 ms  DeleteObjects: 0.063600 ms)

========================================================================
Received Import Request.
  Time since last request: 1501.244096 seconds.
  path: Assets/PR01_Script.cs
  artifactKey: Guid(705c49ccf1b4f594aab4909352a69951) Importer(815301076,1909f56bfc062723c751e8b465ee728b)
Start importing Assets/PR01_Script.cs using Guid(705c49ccf1b4f594aab4909352a69951) Importer(815301076,1909f56bfc062723c751e8b465ee728b)  -> (artifact id: '8f0770150cdfa4f4f5e2d80e858224e5') in 0.003945 seconds
  Import took 0.006216 seconds .

========================================================================
Received Import Request.
  Time since last request: 0.948132 seconds.
  path: Assets/PR01_Script.cs
  artifactKey: Guid(705c49ccf1b4f594aab4909352a69951) Importer(815301076,1909f56bfc062723c751e8b465ee728b)
Start importing Assets/PR01_Script.cs using Guid(705c49ccf1b4f594aab4909352a69951) Importer(815301076,1909f56bfc062723c751e8b465ee728b)  -> (artifact id: '8f0770150cdfa4f4f5e2d80e858224e5') in 0.002560 seconds
  Import took 0.004165 seconds .

========================================================================
Received Prepare
Registering precompiled user dll's ...
Registered in 0.000450 seconds.
Begin MonoManager ReloadAssembly
Native extension for WindowsStandalone target not found
Refreshing native plugins compatible for Editor in 0.18 ms, found 0 plugins.
Preloading 0 native plugins for Editor in 0.00 ms.
Invoked RoslynAnalysisRunner static constructor.
RoslynAnalysisRunner will not be running.
RoslynAnalysisRunner has terminated.
Mono: successfully reloaded assembly
- Completed reload, in  0.635 seconds
Platform modules already initialized, skipping
Refreshing native plugins compatible for Editor in 0.18 ms, found 0 plugins.
Preloading 0 native plugins for Editor in 0.00 ms.
Unloading 1109 Unused Serialized files (Serialized files now loaded: 0)
System memory in use before: 56.9 MB.
System memory in use after: 57.0 MB.

Unloading 5 unused Assets to reduce memory usage. Loaded Objects now: 1580.
Total: 1.418900 ms (FindLiveObjects: 0.113200 ms CreateObjectMapping: 0.029700 ms MarkObjects: 1.238000 ms  DeleteObjects: 0.037300 ms)

========================================================================
Received Prepare
Registering precompiled user dll's ...
Registered in 0.000509 seconds.
Begin MonoManager ReloadAssembly
Native extension for WindowsStandalone target not found
Refreshing native plugins compatible for Editor in 0.19 ms, found 0 plugins.
Preloading 0 native plugins for Editor in 0.00 ms.
Invoked RoslynAnalysisRunner static constructor.
RoslynAnalysisRunner will not be running.
RoslynAnalysisRunner has terminated.
Mono: successfully reloaded assembly
- Completed reload, in  0.655 seconds
Platform modules already initialized, skipping
Refreshing native plugins compatible for Editor in 0.18 ms, found 0 plugins.
Preloading 0 native plugins for Editor in 0.00 ms.
Unloading 1109 Unused Serialized files (Serialized files now loaded: 0)
System memory in use before: 56.9 MB.
System memory in use after: 57.0 MB.

Unloading 5 unused Assets to reduce memory usage. Loaded Objects now: 1583.
Total: 1.713700 ms (FindLiveObjects: 0.132900 ms CreateObjectMapping: 0.036100 ms MarkObjects: 1.502500 ms  DeleteObjects: 0.041300 ms)

========================================================================
Received Prepare
Registering precompiled user dll's ...
Registered in 0.000452 seconds.
Begin MonoManager ReloadAssembly
Native extension for WindowsStandalone target not found
Refreshing native plugins compatible for Editor in 0.19 ms, found 0 plugins.
Preloading 0 native plugins for Editor in 0.00 ms.
Invoked RoslynAnalysisRunner static constructor.
RoslynAnalysisRunner will not be running.
RoslynAnalysisRunner has terminated.
Mono: successfully reloaded assembly
- Completed reload, in  0.668 seconds
Platform modules already initialized, skipping
Refreshing native plugins compatible for Editor in 0.18 ms, found 0 plugins.
Preloading 0 native plugins for Editor in 0.00 ms.
Unloading 1109 Unused Serialized files (Serialized files now loaded: 0)
System memory in use before: 56.9 MB.
System memory in use after: 57.0 MB.

Unloading 5 unused Assets to reduce memory usage. Loaded Objects now: 1586.
Total: 1.565300 ms (FindLiveObjects: 0.120300 ms CreateObjectMapping: 0.032500 ms MarkObjects: 1.375500 ms  DeleteObjects: 0.036400 ms)

========================================================================
Received Prepare
Registering precompiled user dll's ...
Registered in 0.000472 seconds.
Begin MonoManager ReloadAssembly
Native extension for WindowsStandalone target not found
Refreshing native plugins compatible for Editor in 0.20 ms, found 0 plugins.
Preloading 0 native plugins for Editor in 0.00 ms.
Invoked RoslynAnalysisRunner static constructor.
RoslynAnalysisRunner will not be running.
RoslynAnalysisRunner has terminated.
Mono: successfully reloaded assembly
- Completed reload, in  0.662 seconds
Platform modules already initialized, skipping
Refreshing native plugins compatible for Editor in 0.18 ms, found 0 plugins.
Preloading 0 native plugins for Editor in 0.00 ms.
Unloading 1109 Unused Serialized files (Serialized files now loaded: 0)
System memory in use before: 57.0 MB.
System memory in use after: 57.0 MB.

Unloading 5 unused Assets to reduce memory usage. Loaded Objects now: 1589.
Total: 1.679100 ms (FindLiveObjects: 0.140400 ms CreateObjectMapping: 0.035100 ms MarkObjects: 1.460900 ms  DeleteObjects: 0.041800 ms)

========================================================================
Received Prepare
Registering precompiled user dll's ...
Registered in 0.000507 seconds.
Begin MonoManager ReloadAssembly
Native extension for WindowsStandalone target not found
Refreshing native plugins compatible for Editor in 0.18 ms, found 0 plugins.
Preloading 0 native plugins for Editor in 0.00 ms.
Invoked RoslynAnalysisRunner static constructor.
RoslynAnalysisRunner will not be running.
RoslynAnalysisRunner has terminated.
Mono: successfully reloaded assembly
- Completed reload, in  0.639 seconds
Platform modules already initialized, skipping
Refreshing native plugins compatible for Editor in 0.19 ms, found 0 plugins.
Preloading 0 native plugins for Editor in 0.00 ms.
Unloading 1109 Unused Serialized files (Serialized files now loaded: 0)
System memory in use before: 57.0 MB.
System memory in use after: 57.0 MB.

Unloading 5 unused Assets to reduce memory usage. Loaded Objects now: 1592.
Total: 1.628300 ms (FindLiveObjects: 0.271300 ms CreateObjectMapping: 0.089300 ms MarkObjects: 1.230000 ms  DeleteObjects: 0.037000 ms)

========================================================================
Received Prepare
Registering precompiled user dll's ...
Registered in 0.000472 seconds.
Begin MonoManager ReloadAssembly
Native extension for WindowsStandalone target not found
Refreshing native plugins compatible for Editor in 0.19 ms, found 0 plugins.
Preloading 0 native plugins for Editor in 0.00 ms.
Invoked RoslynAnalysisRunner static constructor.
RoslynAnalysisRunner will not be running.
RoslynAnalysisRunner has terminated.
Mono: successfully reloaded assembly
- Completed reload, in  0.651 seconds
Platform modules already initialized, skipping
Refreshing native plugins compatible for Editor in 0.19 ms, found 0 plugins.
Preloading 0 native plugins for Editor in 0.00 ms.
Unloading 1109 Unused Serialized files (Serialized files now loaded: 0)
System memory in use before: 57.0 MB.
System memory in use after: 57.1 MB.

Unloading 5 unused Assets to reduce memory usage. Loaded Objects now: 1595.
Total: 1.389000 ms (FindLiveObjects: 0.139300 ms CreateObjectMapping: 0.038500 ms MarkObjects: 1.175000 ms  DeleteObjects: 0.035500 ms)

========================================================================
Received Import Request.
  Time since last request: 1860.126080 seconds.
  path: Assets/PR01_Script1.cs
  artifactKey: Guid(75624ef9659d7884fb82097cbbbaf664) Importer(815301076,1909f56bfc062723c751e8b465ee728b)
Start importing Assets/PR01_Script1.cs using Guid(75624ef9659d7884fb82097cbbbaf664) Importer(815301076,1909f56bfc062723c751e8b465ee728b)  -> (artifact id: '0a2530f8cd8ab0de5c5e48897623c703') in 0.007424 seconds
  Import took 0.009651 seconds .

========================================================================
Received Import Request.
  Time since last request: 10.711301 seconds.
  path: Assets/PR01_E1A.cs
  artifactKey: Guid(705c49ccf1b4f594aab4909352a69951) Importer(815301076,1909f56bfc062723c751e8b465ee728b)
Start importing Assets/PR01_E1A.cs using Guid(705c49ccf1b4f594aab4909352a69951) Importer(815301076,1909f56bfc062723c751e8b465ee728b)  -> (artifact id: '9a077425472b09dbd23e360dc91d2030') in 0.005736 seconds
  Import took 0.007342 seconds .

========================================================================
Received Import Request.
  Time since last request: 14.412420 seconds.
  path: Assets/PR01_E1B.cs
  artifactKey: Guid(75624ef9659d7884fb82097cbbbaf664) Importer(815301076,1909f56bfc062723c751e8b465ee728b)
Start importing Assets/PR01_E1B.cs using Guid(75624ef9659d7884fb82097cbbbaf664) Importer(815301076,1909f56bfc062723c751e8b465ee728b)  -> (artifact id: '623743ecb45bcc0dbde020c9099e2e4b') in 0.006122 seconds
  Import took 0.007797 seconds .

========================================================================
Received Prepare
Registering precompiled user dll's ...
Registered in 0.000576 seconds.
Begin MonoManager ReloadAssembly
Native extension for WindowsStandalone target not found
Refreshing native plugins compatible for Editor in 0.19 ms, found 0 plugins.
Preloading 0 native plugins for Editor in 0.00 ms.
Invoked RoslynAnalysisRunner static constructor.
RoslynAnalysisRunner will not be running.
RoslynAnalysisRunner has terminated.
Mono: successfully reloaded assembly
- Completed reload, in  0.650 seconds
Platform modules already initialized, skipping
Refreshing native plugins compatible for Editor in 0.18 ms, found 0 plugins.
Preloading 0 native plugins for Editor in 0.00 ms.
Unloading 1110 Unused Serialized files (Serialized files now loaded: 0)
System memory in use before: 57.0 MB.
System memory in use after: 57.1 MB.

Unloading 5 unused Assets to reduce memory usage. Loaded Objects now: 1599.
Total: 1.621900 ms (FindLiveObjects: 0.176000 ms CreateObjectMapping: 0.062000 ms MarkObjects: 1.346800 ms  DeleteObjects: 0.036300 ms)

========================================================================
Received Import Request.
  Time since last request: 39.935915 seconds.
  path: Assets/PR01_E1A.cs
  artifactKey: Guid(705c49ccf1b4f594aab4909352a69951) Importer(815301076,1909f56bfc062723c751e8b465ee728b)
Start importing Assets/PR01_E1A.cs using Guid(705c49ccf1b4f594aab4909352a69951) Importer(815301076,1909f56bfc062723c751e8b465ee728b)  -> (artifact id: '3bc811082137d91423611f3f9c71e82a') in 0.003462 seconds
  Import took 0.004939 seconds .

========================================================================
Received Prepare
Registering precompiled user dll's ...
Registered in 0.000707 seconds.
Begin MonoManager ReloadAssembly
Native extension for WindowsStandalone target not found
Refreshing native plugins compatible for Editor in 0.19 ms, found 0 plugins.
Preloading 0 native plugins for Editor in 0.00 ms.
Invoked RoslynAnalysisRunner static constructor.
RoslynAnalysisRunner will not be running.
RoslynAnalysisRunner has terminated.
Mono: successfully reloaded assembly
- Completed reload, in  0.659 seconds
Platform modules already initialized, skipping
Refreshing native plugins compatible for Editor in 0.18 ms, found 0 plugins.
Preloading 0 native plugins for Editor in 0.00 ms.
Unloading 1110 Unused Serialized files (Serialized files now loaded: 0)
System memory in use before: 57.0 MB.
System memory in use after: 57.1 MB.

Unloading 5 unused Assets to reduce memory usage. Loaded Objects now: 1602.
Total: 1.565000 ms (FindLiveObjects: 0.119900 ms CreateObjectMapping: 0.030600 ms MarkObjects: 1.350200 ms  DeleteObjects: 0.063600 ms)

========================================================================
Received Import Request.
  Time since last request: 18.420476 seconds.
  path: Assets/PR01_E1B.cs
  artifactKey: Guid(75624ef9659d7884fb82097cbbbaf664) Importer(815301076,1909f56bfc062723c751e8b465ee728b)
Start importing Assets/PR01_E1B.cs using Guid(75624ef9659d7884fb82097cbbbaf664) Importer(815301076,1909f56bfc062723c751e8b465ee728b)  -> (artifact id: 'e28457371eee79d3ab5b2a0c0a6b6a35') in 0.003706 seconds
  Import took 0.005428 seconds .

========================================================================
Received Prepare
Registering precompiled user dll's ...
Registered in 0.000498 seconds.
Begin MonoManager ReloadAssembly
Native extension for WindowsStandalone target not found
Refreshing native plugins compatible for Editor in 0.19 ms, found 0 plugins.
Preloading 0 native plugins for Editor in 0.00 ms.
Invoked RoslynAnalysisRunner static constructor.
RoslynAnalysisRunner will not be running.
RoslynAnalysisRunner has terminated.
Mono: successfully reloaded assembly
- Completed reload, in  0.659 seconds
Platform modules already initialized, skipping
Refreshing native plugins compatible for Editor in 0.18 ms, found 0 plugins.
Preloading 0 native plugins for Editor in 0.00 ms.
Unloading 1110 Unused Serialized files (Serialized files now loaded: 0)
System memory in use before: 57.0 MB.
System memory in use after: 57.1 MB.

Unloading 5 unused Assets to reduce memory usage. Loaded Objects now: 1605.
Total: 1.432700 ms (FindLiveObjects: 0.179800 ms CreateObjectMapping: 0.035400 ms MarkObjects: 1.162200 ms  DeleteObjects: 0.054600 ms)

========================================================================
Received Import Request.
  Time since last request: 118.919605 seconds.
  path: Assets/PR01_E1B.cs
  artifactKey: Guid(75624ef9659d7884fb82097cbbbaf664) Importer(815301076,1909f56bfc062723c751e8b465ee728b)
Start importing Assets/PR01_E1B.cs using Guid(75624ef9659d7884fb82097cbbbaf664) Importer(815301076,1909f56bfc062723c751e8b465ee728b)  -> (artifact id: '51fb54ebb6f6c06b5dacc6050012e29e') in 0.003726 seconds
  Import took 0.006740 seconds .

========================================================================
Received Prepare
Registering precompiled user dll's ...
Registered in 0.000520 seconds.
Begin MonoManager ReloadAssembly
Native extension for WindowsStandalone target not found
Refreshing native plugins compatible for Editor in 0.18 ms, found 0 plugins.
Preloading 0 native plugins for Editor in 0.00 ms.
Invoked RoslynAnalysisRunner static constructor.
RoslynAnalysisRunner will not be running.
RoslynAnalysisRunner has terminated.
Mono: successfully reloaded assembly
- Completed reload, in  0.640 seconds
Platform modules already initialized, skipping
Refreshing native plugins compatible for Editor in 0.18 ms, found 0 plugins.
Preloading 0 native plugins for Editor in 0.00 ms.
Unloading 1110 Unused Serialized files (Serialized files now loaded: 0)
System memory in use before: 57.0 MB.
System memory in use after: 57.1 MB.

Unloading 5 unused Assets to reduce memory usage. Loaded Objects now: 1608.
Total: 1.517500 ms (FindLiveObjects: 0.134700 ms CreateObjectMapping: 0.032200 ms MarkObjects: 1.305700 ms  DeleteObjects: 0.044100 ms)

========================================================================
Received Import Request.
  Time since last request: 98.490415 seconds.
  path: Assets/PR01_E1B1.cs
  artifactKey: Guid(5e27a275ff5a7624892a2d4addf1e187) Importer(815301076,1909f56bfc062723c751e8b465ee728b)
Start importing Assets/PR01_E1B1.cs using Guid(5e27a275ff5a7624892a2d4addf1e187) Importer(815301076,1909f56bfc062723c751e8b465ee728b)  -> (artifact id: 'd6d314afa44786be58b1bb6bf92fe9c4') in 0.007493 seconds
  Import took 0.009385 seconds .

========================================================================
Received Import Request.
  Time since last request: 8.173202 seconds.
  path: Assets/PR01_E1C.cs
  artifactKey: Guid(5e27a275ff5a7624892a2d4addf1e187) Importer(815301076,1909f56bfc062723c751e8b465ee728b)
Start importing Assets/PR01_E1C.cs using Guid(5e27a275ff5a7624892a2d4addf1e187) Importer(815301076,1909f56bfc062723c751e8b465ee728b)  -> (artifact id: 'b69573c1d6e29bfa5a456300cf238f60') in 0.005702 seconds
  Import took 0.007371 seconds .

========================================================================
Received Prepare
Registering precompiled user dll's ...
Registered in 0.000483 seconds.
Begin MonoManager ReloadAssembly
Native extension for WindowsStandalone target not found
Refreshing native plugins compatible for Editor in 0.19 ms, found 0 plugins.
Preloading 0 native plugins for Editor in 0.00 ms.
Invoked RoslynAnalysisRunner static constructor.
RoslynAnalysisRunner will not be running.
RoslynAnalysisRunner has terminated.
Mono: successfully reloaded assembly
- Completed reload, in  0.662 seconds
Platform modules already initialized, skipping
Refreshing native plugins compatible for Editor in 0.19 ms, found 0 plugins.
Preloading 0 native plugins for Editor in 0.00 ms.
Unloading 1111 Unused Serialized files (Serialized files now loaded: 0)
System memory in use before: 57.0 MB.
System memory in use after: 57.1 MB.

Unloading 5 unused Assets to reduce memory usage. Loaded Objects now: 1612.
Total: 1.388100 ms (FindLiveObjects: 0.120400 ms CreateObjectMapping: 0.028400 ms MarkObjects: 1.200900 ms  DeleteObjects: 0.037800 ms)

========================================================================
Received Import Request.
  Time since last request: 202.024554 seconds.
  path: Assets/PR01_E1C.cs
  artifactKey: Guid(5e27a275ff5a7624892a2d4addf1e187) Importer(815301076,1909f56bfc062723c751e8b465ee728b)
Start importing Assets/PR01_E1C.cs using Guid(5e27a275ff5a7624892a2d4addf1e187) Importer(815301076,1909f56bfc062723c751e8b465ee728b)  -> (artifact id: 'e6dea4b86c5f9d5ffaef7b3b6fd7b917') in 0.006263 seconds
  Import took 0.007828 seconds .

========================================================================
Received Prepare
Registering precompiled user dll's ...
Registered in 0.000533 seconds.
Begin MonoManager ReloadAssembly
Native extension for WindowsStandalone target not found
Refreshing native plugins compatible for Editor in 0.18 ms, found 0 plugins.
Preloading 0 native plugins for Editor in 0.00 ms.
Invoked RoslynAnalysisRunner static constructor.
RoslynAnalysisRunner will not be running.
RoslynAnalysisRunner has terminated.
Mono: successfully reloaded assembly
- Completed reload, in  0.637 seconds
Platform modules already initialized, skipping
Refreshing native plugins compatible for Editor in 0.18 ms, found 0 plugins.
Preloading 0 native plugins for Editor in 0.00 ms.
Unloading 1111 Unused Serialized files (Serialized files now loaded: 0)
System memory in use before: 57.1 MB.
System memory in use after: 57.1 MB.

Unloading 5 unused Assets to reduce memory usage. Loaded Objects now: 1615.
Total: 1.496800 ms (FindLiveObjects: 0.186400 ms CreateObjectMapping: 0.062300 ms MarkObjects: 1.211500 ms  DeleteObjects: 0.036000 ms)

========================================================================
Received Prepare
Registering precompiled user dll's ...
Registered in 0.000434 seconds.
Begin MonoManager ReloadAssembly
Native extension for WindowsStandalone target not found
Refreshing native plugins compatible for Editor in 0.19 ms, found 0 plugins.
Preloading 0 native plugins for Editor in 0.00 ms.
Invoked RoslynAnalysisRunner static constructor.
RoslynAnalysisRunner will not be running.
RoslynAnalysisRunner has terminated.
Mono: successfully reloaded assembly
- Completed reload, in  0.664 seconds
Platform modules already initialized, skipping
Refreshing native plugins compatible for Editor in 0.18 ms, found 0 plugins.
Preloading 0 native plugins for Editor in 0.00 ms.
Unloading 1111 Unused Serialized files (Serialized files now loaded: 0)
System memory in use before: 57.1 MB.
System memory in use after: 57.1 MB.

Unloading 5 unused Assets to reduce memory usage. Loaded Objects now: 1618.
Total: 1.629100 ms (FindLiveObjects: 0.150900 ms CreateObjectMapping: 0.038900 ms MarkObjects: 1.398800 ms  DeleteObjects: 0.039700 ms)

========================================================================
Received Prepare
Registering precompiled user dll's ...
Registered in 0.000436 seconds.
Begin MonoManager ReloadAssembly
Native extension for WindowsStandalone target not found
Refreshing native plugins compatible for Editor in 0.18 ms, found 0 plugins.
Preloading 0 native plugins for Editor in 0.00 ms.
Invoked RoslynAnalysisRunner static constructor.
RoslynAnalysisRunner will not be running.
RoslynAnalysisRunner has terminated.
Mono: successfully reloaded assembly
- Completed reload, in  0.649 seconds
Platform modules already initialized, skipping
Refreshing native plugins compatible for Editor in 0.18 ms, found 0 plugins.
Preloading 0 native plugins for Editor in 0.00 ms.
Unloading 1111 Unused Serialized files (Serialized files now loaded: 0)
System memory in use before: 57.1 MB.
System memory in use after: 57.1 MB.

Unloading 5 unused Assets to reduce memory usage. Loaded Objects now: 1621.
Total: 1.402800 ms (FindLiveObjects: 0.139300 ms CreateObjectMapping: 0.043100 ms MarkObjects: 1.184500 ms  DeleteObjects: 0.034900 ms)

========================================================================
Received Prepare
Registering precompiled user dll's ...
Registered in 0.000476 seconds.
Begin MonoManager ReloadAssembly
Native extension for WindowsStandalone target not found
Refreshing native plugins compatible for Editor in 0.18 ms, found 0 plugins.
Preloading 0 native plugins for Editor in 0.00 ms.
Invoked RoslynAnalysisRunner static constructor.
RoslynAnalysisRunner will not be running.
RoslynAnalysisRunner has terminated.
Mono: successfully reloaded assembly
- Completed reload, in  0.647 seconds
Platform modules already initialized, skipping
Refreshing native plugins compatible for Editor in 0.18 ms, found 0 plugins.
Preloading 0 native plugins for Editor in 0.00 ms.
Unloading 1111 Unused Serialized files (Serialized files now loaded: 0)
System memory in use before: 57.1 MB.
System memory in use after: 57.2 MB.

Unloading 5 unused Assets to reduce memory usage. Loaded Objects now: 1624.
Total: 1.304800 ms (FindLiveObjects: 0.119200 ms CreateObjectMapping: 0.035400 ms MarkObjects: 1.114300 ms  DeleteObjects: 0.035200 ms)

========================================================================
Received Import Request.
  Time since last request: 188.580325 seconds.
  path: Assets/PR01_E2.cs
  artifactKey: Guid(8d17b5bc2cdedae4fb2d2d7f54e0a174) Importer(815301076,1909f56bfc062723c751e8b465ee728b)
Start importing Assets/PR01_E2.cs using Guid(8d17b5bc2cdedae4fb2d2d7f54e0a174) Importer(815301076,1909f56bfc062723c751e8b465ee728b)  -> (artifact id: '45963f46fe5766f22e7baf66367e405d') in 0.007877 seconds
  Import took 0.009973 seconds .

========================================================================
Received Prepare
Registering precompiled user dll's ...
Registered in 0.000446 seconds.
Begin MonoManager ReloadAssembly
Native extension for WindowsStandalone target not found
Refreshing native plugins compatible for Editor in 0.19 ms, found 0 plugins.
Preloading 0 native plugins for Editor in 0.00 ms.
Invoked RoslynAnalysisRunner static constructor.
RoslynAnalysisRunner will not be running.
RoslynAnalysisRunner has terminated.
Mono: successfully reloaded assembly
- Completed reload, in  0.688 seconds
Platform modules already initialized, skipping
Refreshing native plugins compatible for Editor in 0.21 ms, found 0 plugins.
Preloading 0 native plugins for Editor in 0.00 ms.
Unloading 1112 Unused Serialized files (Serialized files now loaded: 0)
System memory in use before: 57.1 MB.
System memory in use after: 57.2 MB.

Unloading 5 unused Assets to reduce memory usage. Loaded Objects now: 1628.
Total: 1.397900 ms (FindLiveObjects: 0.138400 ms CreateObjectMapping: 0.049200 ms MarkObjects: 1.170100 ms  DeleteObjects: 0.039400 ms)

========================================================================
Received Prepare
Registering precompiled user dll's ...
Registered in 0.000481 seconds.
Begin MonoManager ReloadAssembly
Native extension for WindowsStandalone target not found
Refreshing native plugins compatible for Editor in 0.19 ms, found 0 plugins.
Preloading 0 native plugins for Editor in 0.00 ms.
Invoked RoslynAnalysisRunner static constructor.
RoslynAnalysisRunner will not be running.
RoslynAnalysisRunner has terminated.
Mono: successfully reloaded assembly
- Completed reload, in  0.686 seconds
Platform modules already initialized, skipping
Refreshing native plugins compatible for Editor in 0.18 ms, found 0 plugins.
Preloading 0 native plugins for Editor in 0.00 ms.
Unloading 1112 Unused Serialized files (Serialized files now loaded: 0)
System memory in use before: 57.1 MB.
System memory in use after: 57.2 MB.

Unloading 5 unused Assets to reduce memory usage. Loaded Objects now: 1631.
Total: 1.398400 ms (FindLiveObjects: 0.137600 ms CreateObjectMapping: 0.039700 ms MarkObjects: 1.179700 ms  DeleteObjects: 0.040300 ms)

========================================================================
Received Import Request.
  Time since last request: 436.054146 seconds.
  path: Assets/PR01_E2.cs
  artifactKey: Guid(8d17b5bc2cdedae4fb2d2d7f54e0a174) Importer(815301076,1909f56bfc062723c751e8b465ee728b)
Start importing Assets/PR01_E2.cs using Guid(8d17b5bc2cdedae4fb2d2d7f54e0a174) Importer(815301076,1909f56bfc062723c751e8b465ee728b)  -> (artifact id: '6d301e50aa9ce027caba0d80a8cd4f7c') in 0.003810 seconds
  Import took 0.005491 seconds .

========================================================================
Received Prepare
Registering precompiled user dll's ...
Registered in 0.000476 seconds.
Begin MonoManager ReloadAssembly
Native extension for WindowsStandalone target not found
Refreshing native plugins compatible for Editor in 0.19 ms, found 0 plugins.
Preloading 0 native plugins for Editor in 0.00 ms.
Invoked RoslynAnalysisRunner static constructor.
RoslynAnalysisRunner will not be running.
RoslynAnalysisRunner has terminated.
Mono: successfully reloaded assembly
- Completed reload, in  0.650 seconds
Platform modules already initialized, skipping
Refreshing native plugins compatible for Editor in 0.18 ms, found 0 plugins.
Preloading 0 native plugins for Editor in 0.00 ms.
Unloading 1112 Unused Serialized files (Serialized files now loaded: 0)
System memory in use before: 57.1 MB.
System memory in use after: 57.2 MB.

Unloading 5 unused Assets to reduce memory usage. Loaded Objects now: 1634.
Total: 1.487000 ms (FindLiveObjects: 0.139900 ms CreateObjectMapping: 0.035500 ms MarkObjects: 1.270400 ms  DeleteObjects: 0.040500 ms)

========================================================================
Received Prepare
Registering precompiled user dll's ...
Registered in 0.000669 seconds.
Begin MonoManager ReloadAssembly
Native extension for WindowsStandalone target not found
Refreshing native plugins compatible for Editor in 0.19 ms, found 0 plugins.
Preloading 0 native plugins for Editor in 0.00 ms.
Invoked RoslynAnalysisRunner static constructor.
RoslynAnalysisRunner will not be running.
RoslynAnalysisRunner has terminated.
Mono: successfully reloaded assembly
- Completed reload, in  0.642 seconds
Platform modules already initialized, skipping
Refreshing native plugins compatible for Editor in 0.18 ms, found 0 plugins.
Preloading 0 native plugins for Editor in 0.00 ms.
Unloading 1112 Unused Serialized files (Serialized files now loaded: 0)
System memory in use before: 57.1 MB.
System memory in use after: 57.2 MB.

Unloading 5 unused Assets to reduce memory usage. Loaded Objects now: 1637.
Total: 1.498500 ms (FindLiveObjects: 0.121000 ms CreateObjectMapping: 0.030700 ms MarkObjects: 1.307700 ms  DeleteObjects: 0.038400 ms)

========================================================================
Received Prepare
Registering precompiled user dll's ...
Registered in 0.000447 seconds.
Begin MonoManager ReloadAssembly
Native extension for WindowsStandalone target not found
Refreshing native plugins compatible for Editor in 0.20 ms, found 0 plugins.
Preloading 0 native plugins for Editor in 0.00 ms.
Invoked RoslynAnalysisRunner static constructor.
RoslynAnalysisRunner will not be running.
RoslynAnalysisRunner has terminated.
Mono: successfully reloaded assembly
- Completed reload, in  0.669 seconds
Platform modules already initialized, skipping
Refreshing native plugins compatible for Editor in 0.18 ms, found 0 plugins.
Preloading 0 native plugins for Editor in 0.00 ms.
Unloading 1112 Unused Serialized files (Serialized files now loaded: 0)
System memory in use before: 57.1 MB.
System memory in use after: 57.2 MB.

Unloading 5 unused Assets to reduce memory usage. Loaded Objects now: 1640.
Total: 1.712400 ms (FindLiveObjects: 0.200000 ms CreateObjectMapping: 0.061300 ms MarkObjects: 1.407400 ms  DeleteObjects: 0.042700 ms)

========================================================================
Received Prepare
Registering precompiled user dll's ...
Registered in 0.000471 seconds.
Begin MonoManager ReloadAssembly
Native extension for WindowsStandalone target not found
Refreshing native plugins compatible for Editor in 0.20 ms, found 0 plugins.
Preloading 0 native plugins for Editor in 0.00 ms.
Invoked RoslynAnalysisRunner static constructor.
RoslynAnalysisRunner will not be running.
RoslynAnalysisRunner has terminated.
Mono: successfully reloaded assembly
- Completed reload, in  0.656 seconds
Platform modules already initialized, skipping
Refreshing native plugins compatible for Editor in 0.18 ms, found 0 plugins.
Preloading 0 native plugins for Editor in 0.00 ms.
Unloading 1112 Unused Serialized files (Serialized files now loaded: 0)
System memory in use before: 57.1 MB.
System memory in use after: 57.2 MB.

Unloading 5 unused Assets to reduce memory usage. Loaded Objects now: 1643.
Total: 1.368500 ms (FindLiveObjects: 0.122500 ms CreateObjectMapping: 0.031900 ms MarkObjects: 1.180500 ms  DeleteObjects: 0.032900 ms)

========================================================================
Received Prepare
Registering precompiled user dll's ...
Registered in 0.000540 seconds.
Begin MonoManager ReloadAssembly
Native extension for WindowsStandalone target not found
Refreshing native plugins compatible for Editor in 0.18 ms, found 0 plugins.
Preloading 0 native plugins for Editor in 0.00 ms.
Invoked RoslynAnalysisRunner static constructor.
RoslynAnalysisRunner will not be running.
RoslynAnalysisRunner has terminated.
Mono: successfully reloaded assembly
- Completed reload, in  0.636 seconds
Platform modules already initialized, skipping
Refreshing native plugins compatible for Editor in 0.18 ms, found 0 plugins.
Preloading 0 native plugins for Editor in 0.00 ms.
Unloading 1112 Unused Serialized files (Serialized files now loaded: 0)
System memory in use before: 57.1 MB.
System memory in use after: 57.2 MB.

Unloading 5 unused Assets to reduce memory usage. Loaded Objects now: 1646.
Total: 1.435800 ms (FindLiveObjects: 0.144900 ms CreateObjectMapping: 0.048600 ms MarkObjects: 1.203900 ms  DeleteObjects: 0.037700 ms)

========================================================================
Received Prepare
Registering precompiled user dll's ...
Registered in 0.000457 seconds.
Begin MonoManager ReloadAssembly
Native extension for WindowsStandalone target not found
Refreshing native plugins compatible for Editor in 0.18 ms, found 0 plugins.
Preloading 0 native plugins for Editor in 0.00 ms.
Invoked RoslynAnalysisRunner static constructor.
RoslynAnalysisRunner will not be running.
RoslynAnalysisRunner has terminated.
Mono: successfully reloaded assembly
- Completed reload, in  0.666 seconds
Platform modules already initialized, skipping
Refreshing native plugins compatible for Editor in 0.18 ms, found 0 plugins.
Preloading 0 native plugins for Editor in 0.00 ms.
Unloading 1112 Unused Serialized files (Serialized files now loaded: 0)
System memory in use before: 57.1 MB.
System memory in use after: 57.2 MB.

Unloading 5 unused Assets to reduce memory usage. Loaded Objects now: 1649.
Total: 1.370000 ms (FindLiveObjects: 0.129400 ms CreateObjectMapping: 0.033700 ms MarkObjects: 1.171900 ms  DeleteObjects: 0.034300 ms)

========================================================================
Received Prepare
Registering precompiled user dll's ...
Registered in 0.000483 seconds.
Begin MonoManager ReloadAssembly
Native extension for WindowsStandalone target not found
Refreshing native plugins compatible for Editor in 0.18 ms, found 0 plugins.
Preloading 0 native plugins for Editor in 0.00 ms.
Invoked RoslynAnalysisRunner static constructor.
RoslynAnalysisRunner will not be running.
RoslynAnalysisRunner has terminated.
Mono: successfully reloaded assembly
- Completed reload, in  0.668 seconds
Platform modules already initialized, skipping
Refreshing native plugins compatible for Editor in 0.19 ms, found 0 plugins.
Preloading 0 native plugins for Editor in 0.00 ms.
Unloading 1112 Unused Serialized files (Serialized files now loaded: 0)
System memory in use before: 57.1 MB.
System memory in use after: 57.2 MB.

Unloading 5 unused Assets to reduce memory usage. Loaded Objects now: 1652.
Total: 2.128800 ms (FindLiveObjects: 0.154300 ms CreateObjectMapping: 0.061900 ms MarkObjects: 1.846700 ms  DeleteObjects: 0.064800 ms)

========================================================================
Received Prepare
Registering precompiled user dll's ...
Registered in 0.000595 seconds.
Begin MonoManager ReloadAssembly
Native extension for WindowsStandalone target not found
Refreshing native plugins compatible for Editor in 0.19 ms, found 0 plugins.
Preloading 0 native plugins for Editor in 0.00 ms.
Invoked RoslynAnalysisRunner static constructor.
RoslynAnalysisRunner will not be running.
RoslynAnalysisRunner has terminated.
Mono: successfully reloaded assembly
- Completed reload, in  0.651 seconds
Platform modules already initialized, skipping
Refreshing native plugins compatible for Editor in 0.18 ms, found 0 plugins.
Preloading 0 native plugins for Editor in 0.00 ms.
Unloading 1112 Unused Serialized files (Serialized files now loaded: 0)
System memory in use before: 57.1 MB.
System memory in use after: 57.2 MB.

Unloading 5 unused Assets to reduce memory usage. Loaded Objects now: 1655.
Total: 1.505800 ms (FindLiveObjects: 0.136700 ms CreateObjectMapping: 0.047300 ms MarkObjects: 1.280100 ms  DeleteObjects: 0.041000 ms)

========================================================================
Received Prepare
Registering precompiled user dll's ...
Registered in 0.000457 seconds.
Begin MonoManager ReloadAssembly
Native extension for WindowsStandalone target not found
Refreshing native plugins compatible for Editor in 0.19 ms, found 0 plugins.
Preloading 0 native plugins for Editor in 0.00 ms.
Invoked RoslynAnalysisRunner static constructor.
RoslynAnalysisRunner will not be running.
RoslynAnalysisRunner has terminated.
Mono: successfully reloaded assembly
- Completed reload, in  0.698 seconds
Platform modules already initialized, skipping
Refreshing native plugins compatible for Editor in 0.19 ms, found 0 plugins.
Preloading 0 native plugins for Editor in 0.00 ms.
Unloading 1113 Unused Serialized files (Serialized files now loaded: 0)
System memory in use before: 57.1 MB.
System memory in use after: 57.2 MB.

Unloading 5 unused Assets to reduce memory usage. Loaded Objects now: 1659.
Total: 1.554600 ms (FindLiveObjects: 0.159800 ms CreateObjectMapping: 0.038700 ms MarkObjects: 1.305900 ms  DeleteObjects: 0.048900 ms)

========================================================================
Received Import Request.
  Time since last request: 698.743906 seconds.
  path: Assets/PR01_.cs
  artifactKey: Guid(785da07988d25244b91478354a08b54e) Importer(815301076,1909f56bfc062723c751e8b465ee728b)
Start importing Assets/PR01_.cs using Guid(785da07988d25244b91478354a08b54e) Importer(815301076,1909f56bfc062723c751e8b465ee728b)  -> (artifact id: 'b9a1c0a2abd153647de0b09d83a4e30b') in 0.006500 seconds
  Import took 0.008106 seconds .

========================================================================
Received Import Request.
  Time since last request: 10.633974 seconds.
  path: Assets/PR01_E2.cs
  artifactKey: Guid(8d17b5bc2cdedae4fb2d2d7f54e0a174) Importer(815301076,1909f56bfc062723c751e8b465ee728b)
Start importing Assets/PR01_E2.cs using Guid(8d17b5bc2cdedae4fb2d2d7f54e0a174) Importer(815301076,1909f56bfc062723c751e8b465ee728b)  -> (artifact id: 'e34708bdb4bac5192302e84fc5a0b072') in 0.003270 seconds
  Import took 0.005135 seconds .

========================================================================
Received Import Request.
  Time since last request: 14.724736 seconds.
  path: Assets/PR01_E2A.cs
  artifactKey: Guid(8d17b5bc2cdedae4fb2d2d7f54e0a174) Importer(815301076,1909f56bfc062723c751e8b465ee728b)
Start importing Assets/PR01_E2A.cs using Guid(8d17b5bc2cdedae4fb2d2d7f54e0a174) Importer(815301076,1909f56bfc062723c751e8b465ee728b)  -> (artifact id: '2ffbd8c53537c2e6f8d8114d19b03297') in 0.005817 seconds
  Import took 0.007573 seconds .

========================================================================
Received Prepare
Registering precompiled user dll's ...
Registered in 0.000432 seconds.
Begin MonoManager ReloadAssembly
Native extension for WindowsStandalone target not found
Refreshing native plugins compatible for Editor in 0.19 ms, found 0 plugins.
Preloading 0 native plugins for Editor in 0.00 ms.
Invoked RoslynAnalysisRunner static constructor.
RoslynAnalysisRunner will not be running.
RoslynAnalysisRunner has terminated.
Mono: successfully reloaded assembly
- Completed reload, in  0.715 seconds
Platform modules already initialized, skipping
Refreshing native plugins compatible for Editor in 0.19 ms, found 0 plugins.
Preloading 0 native plugins for Editor in 0.00 ms.
Unloading 1113 Unused Serialized files (Serialized files now loaded: 0)
System memory in use before: 57.2 MB.
System memory in use after: 57.2 MB.

Unloading 5 unused Assets to reduce memory usage. Loaded Objects now: 1662.
Total: 1.542900 ms (FindLiveObjects: 0.201900 ms CreateObjectMapping: 0.062700 ms MarkObjects: 1.240300 ms  DeleteObjects: 0.037300 ms)

========================================================================
Received Prepare
Registering precompiled user dll's ...
Registered in 0.000504 seconds.
Begin MonoManager ReloadAssembly
Native extension for WindowsStandalone target not found
Refreshing native plugins compatible for Editor in 0.18 ms, found 0 plugins.
Preloading 0 native plugins for Editor in 0.00 ms.
Invoked RoslynAnalysisRunner static constructor.
RoslynAnalysisRunner will not be running.
RoslynAnalysisRunner has terminated.
Mono: successfully reloaded assembly
- Completed reload, in  0.674 seconds
Platform modules already initialized, skipping
Refreshing native plugins compatible for Editor in 0.18 ms, found 0 plugins.
Preloading 0 native plugins for Editor in 0.00 ms.
Unloading 1113 Unused Serialized files (Serialized files now loaded: 0)
System memory in use before: 57.2 MB.
System memory in use after: 57.2 MB.

Unloading 5 unused Assets to reduce memory usage. Loaded Objects now: 1665.
Total: 1.602400 ms (FindLiveObjects: 0.126500 ms CreateObjectMapping: 0.034100 ms MarkObjects: 1.403700 ms  DeleteObjects: 0.037400 ms)

========================================================================
Received Import Request.
  Time since last request: 14.196951 seconds.
  path: Assets/PR01_E2A.cs
  artifactKey: Guid(8d17b5bc2cdedae4fb2d2d7f54e0a174) Importer(815301076,1909f56bfc062723c751e8b465ee728b)
Start importing Assets/PR01_E2A.cs using Guid(8d17b5bc2cdedae4fb2d2d7f54e0a174) Importer(815301076,1909f56bfc062723c751e8b465ee728b)  -> (artifact id: 'b70ce5ab68820c797d8b1dbb6c1e225a') in 0.005002 seconds
  Import took 0.006549 seconds .

========================================================================
Received Import Request.
  Time since last request: 14.520228 seconds.
  path: Assets/PR01_E2B.cs
  artifactKey: Guid(785da07988d25244b91478354a08b54e) Importer(815301076,1909f56bfc062723c751e8b465ee728b)
Start importing Assets/PR01_E2B.cs using Guid(785da07988d25244b91478354a08b54e) Importer(815301076,1909f56bfc062723c751e8b465ee728b)  -> (artifact id: '87a3a226eec09ab193e14b7b2e2ab077') in 0.005882 seconds
  Import took 0.007644 seconds .

========================================================================
Received Prepare
Registering precompiled user dll's ...
Registered in 0.000679 seconds.
Begin MonoManager ReloadAssembly
Native extension for WindowsStandalone target not found
Refreshing native plugins compatible for Editor in 0.21 ms, found 0 plugins.
Preloading 0 native plugins for Editor in 0.00 ms.
Invoked RoslynAnalysisRunner static constructor.
RoslynAnalysisRunner will not be running.
RoslynAnalysisRunner has terminated.
Mono: successfully reloaded assembly
- Completed reload, in  0.675 seconds
Platform modules already initialized, skipping
Refreshing native plugins compatible for Editor in 0.20 ms, found 0 plugins.
Preloading 0 native plugins for Editor in 0.00 ms.
Unloading 1113 Unused Serialized files (Serialized files now loaded: 0)
System memory in use before: 57.2 MB.
System memory in use after: 57.2 MB.

Unloading 5 unused Assets to reduce memory usage. Loaded Objects now: 1668.
Total: 1.497900 ms (FindLiveObjects: 0.130300 ms CreateObjectMapping: 0.034100 ms MarkObjects: 1.288800 ms  DeleteObjects: 0.043600 ms)

========================================================================
Received Prepare
Registering precompiled user dll's ...
Registered in 0.000522 seconds.
Begin MonoManager ReloadAssembly
Native extension for WindowsStandalone target not found
Refreshing native plugins compatible for Editor in 0.19 ms, found 0 plugins.
Preloading 0 native plugins for Editor in 0.00 ms.
Invoked RoslynAnalysisRunner static constructor.
RoslynAnalysisRunner will not be running.
RoslynAnalysisRunner has terminated.
Mono: successfully reloaded assembly
- Completed reload, in  0.663 seconds
Platform modules already initialized, skipping
Refreshing native plugins compatible for Editor in 0.18 ms, found 0 plugins.
Preloading 0 native plugins for Editor in 0.00 ms.
Unloading 1113 Unused Serialized files (Serialized files now loaded: 0)
System memory in use before: 57.2 MB.
System memory in use after: 57.2 MB.

Unloading 5 unused Assets to reduce memory usage. Loaded Objects now: 1671.
Total: 1.412000 ms (FindLiveObjects: 0.157000 ms CreateObjectMapping: 0.039300 ms MarkObjects: 1.177800 ms  DeleteObjects: 0.037300 ms)

========================================================================
Received Import Request.
  Time since last request: 27.353058 seconds.
  path: Assets/PR01_E2B.cs
  artifactKey: Guid(785da07988d25244b91478354a08b54e) Importer(815301076,1909f56bfc062723c751e8b465ee728b)
Start importing Assets/PR01_E2B.cs using Guid(785da07988d25244b91478354a08b54e) Importer(815301076,1909f56bfc062723c751e8b465ee728b)  -> (artifact id: '889530007b80229eae03a0d61aa514c0') in 0.003466 seconds
  Import took 0.005064 seconds .

========================================================================
Received Prepare
Registering precompiled user dll's ...
Registered in 0.000456 seconds.
Begin MonoManager ReloadAssembly
Native extension for WindowsStandalone target not found
Refreshing native plugins compatible for Editor in 0.19 ms, found 0 plugins.
Preloading 0 native plugins for Editor in 0.00 ms.
Invoked RoslynAnalysisRunner static constructor.
RoslynAnalysisRunner will not be running.
RoslynAnalysisRunner has terminated.
Mono: successfully reloaded assembly
- Completed reload, in  0.684 seconds
Platform modules already initialized, skipping
Refreshing native plugins compatible for Editor in 0.19 ms, found 0 plugins.
Preloading 0 native plugins for Editor in 0.00 ms.
Unloading 1112 Unused Serialized files (Serialized files now loaded: 0)
System memory in use before: 57.2 MB.
System memory in use after: 57.2 MB.

Unloading 6 unused Assets to reduce memory usage. Loaded Objects now: 1673.
Total: 1.563900 ms (FindLiveObjects: 0.126400 ms CreateObjectMapping: 0.034800 ms MarkObjects: 1.359100 ms  DeleteObjects: 0.042800 ms)

========================================================================
Received Import Request.
  Time since last request: 66.562013 seconds.
  path: Assets/PR01_E2B.cs
  artifactKey: Guid(785da07988d25244b91478354a08b54e) Importer(815301076,1909f56bfc062723c751e8b465ee728b)
Start importing Assets/PR01_E2B.cs using Guid(785da07988d25244b91478354a08b54e) Importer(815301076,1909f56bfc062723c751e8b465ee728b)  -> (artifact id: '706fdf87002841f94d2770d9a87f9dbd') in 0.005138 seconds
  Import took 0.006788 seconds .

========================================================================
Received Prepare
Registering precompiled user dll's ...
Registered in 0.000443 seconds.
Begin MonoManager ReloadAssembly
Native extension for WindowsStandalone target not found
Refreshing native plugins compatible for Editor in 0.18 ms, found 0 plugins.
Preloading 0 native plugins for Editor in 0.00 ms.
Invoked RoslynAnalysisRunner static constructor.
RoslynAnalysisRunner will not be running.
RoslynAnalysisRunner has terminated.
Mono: successfully reloaded assembly
- Completed reload, in  0.702 seconds
Platform modules already initialized, skipping
Refreshing native plugins compatible for Editor in 0.19 ms, found 0 plugins.
Preloading 0 native plugins for Editor in 0.00 ms.
Unloading 1113 Unused Serialized files (Serialized files now loaded: 0)
System memory in use before: 57.2 MB.
System memory in use after: 57.3 MB.

Unloading 5 unused Assets to reduce memory usage. Loaded Objects now: 1677.
Total: 1.682700 ms (FindLiveObjects: 0.162600 ms CreateObjectMapping: 0.042100 ms MarkObjects: 1.438400 ms  DeleteObjects: 0.038900 ms)

========================================================================
Received Import Request.
  Time since last request: 243.806867 seconds.
  path: Assets/PR01_E2B.cs
  artifactKey: Guid(785da07988d25244b91478354a08b54e) Importer(815301076,1909f56bfc062723c751e8b465ee728b)
Start importing Assets/PR01_E2B.cs using Guid(785da07988d25244b91478354a08b54e) Importer(815301076,1909f56bfc062723c751e8b465ee728b)  -> (artifact id: 'bc736944bfeda9f268528170295e4cb0') in 0.004574 seconds
  Import took 0.006697 seconds .

